# JRE version: OpenJDK Runtime Environment (8.0_242-b01) (build 1.8.0_242-release-1644-b01)
# Java VM: OpenJDK 64-Bit Server VM (25.242-b01 mixed mode windows-amd64 compressed oops)
Heap:
 PSYoungGen      total 132096K, used 32016K [0x00000000d5580000, 0x00000000e0a80000, 0x0000000100000000)
  eden space 121856K, 17% used [0x00000000d5580000,0x00000000d6ac63d0,0x00000000dcc80000)
  from space 10240K, 99% used [0x00000000dcc80000,0x00000000dd67dd90,0x00000000dd680000)
  to   space 15360K, 0% used [0x00000000dfb80000,0x00000000dfb80000,0x00000000e0a80000)
 ParOldGen       total 94208K, used 25657K [0x0000000080000000, 0x0000000085c00000, 0x00000000d5580000)
  object space 94208K, 27% used [0x0000000080000000,0x000000008190e680,0x0000000085c00000)
 Metaspace       used 50961K, capacity 52962K, committed 53120K, reserved 1095680K
  class space    used 6796K, capacity 7198K, committed 7296K, reserved 1048576K
GC Heap History (10 events):
Event: 21.954 GC heap before
{Heap before GC invocations=9 (full 1):
 PSYoungGen      total 75264K, used 74729K [0x00000000d5580000, 0x00000000dc580000, 0x0000000100000000)
  eden space 66560K, 100% used [0x00000000d5580000,0x00000000d9680000,0x00000000d9680000)
  from space 8704K, 93% used [0x00000000d9680000,0x00000000d9e7a798,0x00000000d9f00000)
  to   space 9216K, 0% used [0x00000000dbc80000,0x00000000dbc80000,0x00000000dc580000)
 ParOldGen       total 64512K, used 9330K [0x0000000080000000, 0x0000000083f00000, 0x00000000d5580000)
  object space 64512K, 14% used [0x0000000080000000,0x000000008091cac0,0x0000000083f00000)
 Metaspace       used 32873K, capacity 33942K, committed 34304K, reserved 1079296K
  class space    used 4477K, capacity 4755K, committed 4864K, reserved 1048576K
Event: 21.985 GC heap after
Heap after GC invocations=9 (full 1):
 PSYoungGen      total 103936K, used 9201K [0x00000000d5580000, 0x00000000dc700000, 0x0000000100000000)
  eden space 94720K, 0% used [0x00000000d5580000,0x00000000d5580000,0x00000000db200000)
  from space 9216K, 99% used [0x00000000dbc80000,0x00000000dc57c6c0,0x00000000dc580000)
  to   space 10752K, 0% used [0x00000000db200000,0x00000000db200000,0x00000000dbc80000)
 ParOldGen       total 64512K, used 9430K [0x0000000080000000, 0x0000000083f00000, 0x00000000d5580000)
  object space 64512K, 14% used [0x0000000080000000,0x0000000080935940,0x0000000083f00000)
 Metaspace       used 32873K, capacity 33942K, committed 34304K, reserved 1079296K
  class space    used 4477K, capacity 4755K, committed 4864K, reserved 1048576K
}
Event: 22.556 GC heap before
{Heap before GC invocations=10 (full 1):
 PSYoungGen      total 103936K, used 36751K [0x00000000d5580000, 0x00000000dc700000, 0x0000000100000000)
  eden space 94720K, 29% used [0x00000000d5580000,0x00000000d7067790,0x00000000db200000)
  from space 9216K, 99% used [0x00000000dbc80000,0x00000000dc57c6c0,0x00000000dc580000)
  to   space 10752K, 0% used [0x00000000db200000,0x00000000db200000,0x00000000dbc80000)
 ParOldGen       total 64512K, used 9430K [0x0000000080000000, 0x0000000083f00000, 0x00000000d5580000)
  object space 64512K, 14% used [0x0000000080000000,0x0000000080935940,0x0000000083f00000)
 Metaspace       used 34219K, capacity 35392K, committed 35416K, reserved 1079296K
  class space    used 4694K, capacity 4973K, committed 4992K, reserved 1048576K
Event: 22.582 GC heap after
Heap after GC invocations=10 (full 1):
 PSYoungGen      total 105472K, used 7897K [0x00000000d5580000, 0x00000000de400000, 0x0000000100000000)
  eden space 94720K, 0% used [0x00000000d5580000,0x00000000d5580000,0x00000000db200000)
  from space 10752K, 73% used [0x00000000db200000,0x00000000db9b6528,0x00000000dbc80000)
  to   space 10752K, 0% used [0x00000000dd980000,0x00000000dd980000,0x00000000de400000)
 ParOldGen       total 64512K, used 9430K [0x0000000080000000, 0x0000000083f00000, 0x00000000d5580000)
  object space 64512K, 14% used [0x0000000080000000,0x0000000080935940,0x0000000083f00000)
 Metaspace       used 34219K, capacity 35392K, committed 35416K, reserved 1079296K
  class space    used 4694K, capacity 4973K, committed 4992K, reserved 1048576K
}
Event: 22.582 GC heap before
{Heap before GC invocations=11 (full 2):
 PSYoungGen      total 105472K, used 7897K [0x00000000d5580000, 0x00000000de400000, 0x0000000100000000)
  eden space 94720K, 0% used [0x00000000d5580000,0x00000000d5580000,0x00000000db200000)
  from space 10752K, 73% used [0x00000000db200000,0x00000000db9b6528,0x00000000dbc80000)
  to   space 10752K, 0% used [0x00000000dd980000,0x00000000dd980000,0x00000000de400000)
 ParOldGen       total 64512K, used 9430K [0x0000000080000000, 0x0000000083f00000, 0x00000000d5580000)
  object space 64512K, 14% used [0x0000000080000000,0x0000000080935940,0x0000000083f00000)
 Metaspace       used 34219K, capacity 35392K, committed 35416K, reserved 1079296K
  class space    used 4694K, capacity 4973K, committed 4992K, reserved 1048576K
Event: 22.730 GC heap after
Heap after GC invocations=11 (full 2):
 PSYoungGen      total 105472K, used 0K [0x00000000d5580000, 0x00000000de400000, 0x0000000100000000)
  eden space 94720K, 0% used [0x00000000d5580000,0x00000000d5580000,0x00000000db200000)
  from space 10752K, 0% used [0x00000000db200000,0x00000000db200000,0x00000000dbc80000)
  to   space 10752K, 0% used [0x00000000dd980000,0x00000000dd980000,0x00000000de400000)
 ParOldGen       total 94208K, used 14649K [0x0000000080000000, 0x0000000085c00000, 0x00000000d5580000)
  object space 94208K, 15% used [0x0000000080000000,0x0000000080e4e4b0,0x0000000085c00000)
 Metaspace       used 34219K, capacity 35392K, committed 35416K, reserved 1079296K
  class space    used 4694K, capacity 4973K, committed 4992K, reserved 1048576K
}
Event: 28.306 GC heap before
{Heap before GC invocations=12 (full 2):
 PSYoungGen      total 105472K, used 94720K [0x00000000d5580000, 0x00000000de400000, 0x0000000100000000)
  eden space 94720K, 100% used [0x00000000d5580000,0x00000000db200000,0x00000000db200000)
  from space 10752K, 0% used [0x00000000db200000,0x00000000db200000,0x00000000dbc80000)
  to   space 10752K, 0% used [0x00000000dd980000,0x00000000dd980000,0x00000000de400000)
 ParOldGen       total 94208K, used 14649K [0x0000000080000000, 0x0000000085c00000, 0x00000000d5580000)
  object space 94208K, 15% used [0x0000000080000000,0x0000000080e4e4b0,0x0000000085c00000)
 Metaspace       used 36644K, capacity 38238K, committed 38400K, reserved 1083392K
  class space    used 5016K, capacity 5330K, committed 5376K, reserved 1048576K
Event: 28.350 GC heap after
Heap after GC invocations=12 (full 2):
 PSYoungGen      total 128512K, used 6688K [0x00000000d5580000, 0x00000000de080000, 0x0000000100000000)
  eden space 121344K, 0% used [0x00000000d5580000,0x00000000d5580000,0x00000000dcc00000)
  from space 7168K, 93% used [0x00000000dd980000,0x00000000de008228,0x00000000de080000)
  to   space 10240K, 0% used [0x00000000dcc80000,0x00000000dcc80000,0x00000000dd680000)
 ParOldGen       total 94208K, used 14657K [0x0000000080000000, 0x0000000085c00000, 0x00000000d5580000)
  object space 94208K, 15% used [0x0000000080000000,0x0000000080e504b0,0x0000000085c00000)
 Metaspace       used 36644K, capacity 38238K, committed 38400K, reserved 1083392K
  class space    used 5016K, capacity 5330K, committed 5376K, reserved 1048576K
}
Event: 39.112 GC heap before
{Heap before GC invocations=13 (full 2):
 PSYoungGen      total 128512K, used 128032K [0x00000000d5580000, 0x00000000de080000, 0x0000000100000000)
  eden space 121344K, 100% used [0x00000000d5580000,0x00000000dcc00000,0x00000000dcc00000)
  from space 7168K, 93% used [0x00000000dd980000,0x00000000de008228,0x00000000de080000)
  to   space 10240K, 0% used [0x00000000dcc80000,0x00000000dcc80000,0x00000000dd680000)
 ParOldGen       total 94208K, used 14657K [0x0000000080000000, 0x0000000085c00000, 0x00000000d5580000)
  object space 94208K, 15% used [0x0000000080000000,0x0000000080e504b0,0x0000000085c00000)
 Metaspace       used 48430K, capacity 50394K, committed 50688K, reserved 1093632K
  class space    used 6497K, capacity 6881K, committed 6912K, reserved 1048576K
Event: 39.265 GC heap after
Heap after GC invocations=13 (full 2):
 PSYoungGen      total 132096K, used 10231K [0x00000000d5580000, 0x00000000e0a80000, 0x0000000100000000)
  eden space 121856K, 0% used [0x00000000d5580000,0x00000000d5580000,0x00000000dcc80000)
  from space 10240K, 99% used [0x00000000dcc80000,0x00000000dd67dd90,0x00000000dd680000)
  to   space 15360K, 0% used [0x00000000dfb80000,0x00000000dfb80000,0x00000000e0a80000)
 ParOldGen       total 94208K, used 25657K [0x0000000080000000, 0x0000000085c00000, 0x00000000d5580000)
  object space 94208K, 27% used [0x0000000080000000,0x000000008190e680,0x0000000085c00000)
 Metaspace       used 48430K, capacity 50394K, committed 50688K, reserved 1093632K
  class space    used 6497K, capacity 6881K, committed 6912K, reserved 1048576K
}

