# JRE version: OpenJDK Runtime Environment (8.0_242-b01) (build 1.8.0_242-release-1644-b01)
# Java VM: OpenJDK 64-Bit Server VM (25.242-b01 mixed mode windows-amd64 compressed oops)
Heap:
 PSYoungGen      total 325632K, used 63043K [0x00000000d5580000, 0x00000000edb00000, 0x0000000100000000)
  eden space 261120K, 9% used [0x00000000d5580000,0x00000000d6ec8d80,0x00000000e5480000)
  from space 64512K, 57% used [0x00000000e9400000,0x00000000eb848160,0x00000000ed300000)
  to   space 65024K, 0% used [0x00000000e5480000,0x00000000e5480000,0x00000000e9400000)
 ParOldGen       total 214528K, used 115283K [0x0000000080000000, 0x000000008d180000, 0x00000000d5580000)
  object space 214528K, 53% used [0x0000000080000000,0x0000000087094c90,0x000000008d180000)
 Metaspace       used 107161K, capacity 112007K, committed 112856K, reserved 1146880K
  class space    used 13682K, capacity 14668K, committed 14848K, reserved 1048576K
GC Heap History (10 events):
Event: 5322.370 GC heap before
{Heap before GC invocations=24 (full 4):
 PSYoungGen      total 225280K, used 23008K [0x00000000d5580000, 0x00000000e6280000, 0x0000000100000000)
  eden space 202240K, 0% used [0x00000000d5580000,0x00000000d5580000,0x00000000e1b00000)
  from space 23040K, 99% used [0x00000000e4c00000,0x00000000e6278108,0x00000000e6280000)
  to   space 34816K, 0% used [0x00000000e1e80000,0x00000000e1e80000,0x00000000e4080000)
 ParOldGen       total 136192K, used 91996K [0x0000000080000000, 0x0000000088500000, 0x00000000d5580000)
  object space 136192K, 67% used [0x0000000080000000,0x00000000859d73d0,0x0000000088500000)
 Metaspace       used 93016K, capacity 98211K, committed 98380K, reserved 1134592K
  class space    used 12087K, capacity 13191K, committed 13312K, reserved 1048576K
Event: 5323.532 GC heap after
Heap after GC invocations=24 (full 4):
 PSYoungGen      total 225280K, used 0K [0x00000000d5580000, 0x00000000e6280000, 0x0000000100000000)
  eden space 202240K, 0% used [0x00000000d5580000,0x00000000d5580000,0x00000000e1b00000)
  from space 23040K, 0% used [0x00000000e4c00000,0x00000000e4c00000,0x00000000e6280000)
  to   space 34816K, 0% used [0x00000000e1e80000,0x00000000e1e80000,0x00000000e4080000)
 ParOldGen       total 214528K, used 52093K [0x0000000080000000, 0x000000008d180000, 0x00000000d5580000)
  object space 214528K, 24% used [0x0000000080000000,0x00000000832df4c0,0x000000008d180000)
 Metaspace       used 91419K, capacity 95159K, committed 98380K, reserved 1134592K
  class space    used 11738K, capacity 12548K, committed 13312K, reserved 1048576K
}
Event: 5344.084 GC heap before
{Heap before GC invocations=25 (full 4):
 PSYoungGen      total 225280K, used 202240K [0x00000000d5580000, 0x00000000e6280000, 0x0000000100000000)
  eden space 202240K, 100% used [0x00000000d5580000,0x00000000e1b00000,0x00000000e1b00000)
  from space 23040K, 0% used [0x00000000e4c00000,0x00000000e4c00000,0x00000000e6280000)
  to   space 34816K, 0% used [0x00000000e1e80000,0x00000000e1e80000,0x00000000e4080000)
 ParOldGen       total 214528K, used 52093K [0x0000000080000000, 0x000000008d180000, 0x00000000d5580000)
  object space 214528K, 24% used [0x0000000080000000,0x00000000832df4c0,0x000000008d180000)
 Metaspace       used 92605K, capacity 96429K, committed 99148K, reserved 1134592K
  class space    used 11869K, capacity 12665K, committed 13312K, reserved 1048576K
Event: 5344.935 GC heap after
Heap after GC invocations=25 (full 4):
 PSYoungGen      total 240640K, used 34815K [0x00000000d5580000, 0x00000000e9300000, 0x0000000100000000)
  eden space 205824K, 0% used [0x00000000d5580000,0x00000000d5580000,0x00000000e1e80000)
  from space 34816K, 99% used [0x00000000e1e80000,0x00000000e407fde0,0x00000000e4080000)
  to   space 47104K, 0% used [0x00000000e6500000,0x00000000e6500000,0x00000000e9300000)
 ParOldGen       total 214528K, used 71527K [0x0000000080000000, 0x000000008d180000, 0x00000000d5580000)
  object space 214528K, 33% used [0x0000000080000000,0x00000000845d9d08,0x000000008d180000)
 Metaspace       used 92605K, capacity 96429K, committed 99148K, reserved 1134592K
  class space    used 11869K, capacity 12665K, committed 13312K, reserved 1048576K
}
Event: 5377.885 GC heap before
{Heap before GC invocations=26 (full 4):
 PSYoungGen      total 240640K, used 240639K [0x00000000d5580000, 0x00000000e9300000, 0x0000000100000000)
  eden space 205824K, 100% used [0x00000000d5580000,0x00000000e1e80000,0x00000000e1e80000)
  from space 34816K, 99% used [0x00000000e1e80000,0x00000000e407fde0,0x00000000e4080000)
  to   space 47104K, 0% used [0x00000000e6500000,0x00000000e6500000,0x00000000e9300000)
 ParOldGen       total 214528K, used 71527K [0x0000000080000000, 0x000000008d180000, 0x00000000d5580000)
  object space 214528K, 33% used [0x0000000080000000,0x00000000845d9d08,0x000000008d180000)
 Metaspace       used 98057K, capacity 102091K, committed 104152K, reserved 1140736K
  class space    used 12509K, capacity 13374K, committed 13824K, reserved 1048576K
Event: 5378.335 GC heap after
Heap after GC invocations=26 (full 4):
 PSYoungGen      total 270848K, used 44558K [0x00000000d5580000, 0x00000000ea580000, 0x0000000100000000)
  eden space 223744K, 0% used [0x00000000d5580000,0x00000000d5580000,0x00000000e3000000)
  from space 47104K, 94% used [0x00000000e6500000,0x00000000e9083b90,0x00000000e9300000)
  to   space 54272K, 0% used [0x00000000e3000000,0x00000000e3000000,0x00000000e6500000)
 ParOldGen       total 214528K, used 71535K [0x0000000080000000, 0x000000008d180000, 0x00000000d5580000)
  object space 214528K, 33% used [0x0000000080000000,0x00000000845dbd08,0x000000008d180000)
 Metaspace       used 98057K, capacity 102091K, committed 104152K, reserved 1140736K
  class space    used 12509K, capacity 13374K, committed 13824K, reserved 1048576K
}
Event: 5385.977 GC heap before
{Heap before GC invocations=27 (full 4):
 PSYoungGen      total 270848K, used 268302K [0x00000000d5580000, 0x00000000ea580000, 0x0000000100000000)
  eden space 223744K, 99% used [0x00000000d5580000,0x00000000e2fffeb0,0x00000000e3000000)
  from space 47104K, 94% used [0x00000000e6500000,0x00000000e9083b90,0x00000000e9300000)
  to   space 54272K, 0% used [0x00000000e3000000,0x00000000e3000000,0x00000000e6500000)
 ParOldGen       total 214528K, used 71535K [0x0000000080000000, 0x000000008d180000, 0x00000000d5580000)
  object space 214528K, 33% used [0x0000000080000000,0x00000000845dbd08,0x000000008d180000)
 Metaspace       used 100540K, capacity 104769K, committed 106584K, reserved 1142784K
  class space    used 12822K, capacity 13737K, committed 14208K, reserved 1048576K
Event: 5386.195 GC heap after
Heap after GC invocations=27 (full 4):
 PSYoungGen      total 278016K, used 54269K [0x00000000d5580000, 0x00000000ed300000, 0x0000000100000000)
  eden space 223744K, 0% used [0x00000000d5580000,0x00000000d5580000,0x00000000e3000000)
  from space 54272K, 99% used [0x00000000e3000000,0x00000000e64ff498,0x00000000e6500000)
  to   space 64512K, 0% used [0x00000000e9400000,0x00000000e9400000,0x00000000ed300000)
 ParOldGen       total 214528K, used 75161K [0x0000000080000000, 0x000000008d180000, 0x00000000d5580000)
  object space 214528K, 35% used [0x0000000080000000,0x00000000849666c0,0x000000008d180000)
 Metaspace       used 100540K, capacity 104769K, committed 106584K, reserved 1142784K
  class space    used 12822K, capacity 13737K, committed 14208K, reserved 1048576K
}
Event: 5391.978 GC heap before
{Heap before GC invocations=28 (full 4):
 PSYoungGen      total 278016K, used 278013K [0x00000000d5580000, 0x00000000ed300000, 0x0000000100000000)
  eden space 223744K, 100% used [0x00000000d5580000,0x00000000e3000000,0x00000000e3000000)
  from space 54272K, 99% used [0x00000000e3000000,0x00000000e64ff498,0x00000000e6500000)
  to   space 64512K, 0% used [0x00000000e9400000,0x00000000e9400000,0x00000000ed300000)
 ParOldGen       total 214528K, used 75161K [0x0000000080000000, 0x000000008d180000, 0x00000000d5580000)
  object space 214528K, 35% used [0x0000000080000000,0x00000000849666c0,0x000000008d180000)
 Metaspace       used 107044K, capacity 111815K, committed 112600K, reserved 1146880K
  class space    used 13681K, capacity 14668K, committed 14848K, reserved 1048576K
Event: 5392.229 GC heap after
Heap after GC invocations=28 (full 4):
 PSYoungGen      total 325632K, used 37152K [0x00000000d5580000, 0x00000000edb00000, 0x0000000100000000)
  eden space 261120K, 0% used [0x00000000d5580000,0x00000000d5580000,0x00000000e5480000)
  from space 64512K, 57% used [0x00000000e9400000,0x00000000eb848160,0x00000000ed300000)
  to   space 65024K, 0% used [0x00000000e5480000,0x00000000e5480000,0x00000000e9400000)
 ParOldGen       total 214528K, used 115283K [0x0000000080000000, 0x000000008d180000, 0x00000000d5580000)
  object space 214528K, 53% used [0x0000000080000000,0x0000000087094c90,0x000000008d180000)
 Metaspace       used 107044K, capacity 111815K, committed 112600K, reserved 1146880K
  class space    used 13681K, capacity 14668K, committed 14848K, reserved 1048576K
}

